<?xml version='1.0'?> 
<!DOCTYPE coverage SYSTEM "http://cobertura.sourceforge.net/xml/coverage-04.dtd">
<!-- Generated by simplecov-cobertura version 2.1.0 (https://github.com/dashingrocket/simplecov-cobertura) -->
<coverage line-rate="0.99" lines-covered="73" lines-valid="74" complexity="0" version="0" timestamp="1654393389">
  <sources>
    <source>/home/gloria/imposter_school/blogist</source>
  </sources>
  <packages>
    <package name="blogist" line-rate="0.99" complexity="0">
      <classes>
        <class name="application_helper" filename="app/helpers/application_helper.rb" line-rate="1.0" complexity="0">
          <methods/>
          <lines>
            <line number="1" hits="1"/>
          </lines>
        </class>
        <class name="articles_helper" filename="app/helpers/articles_helper.rb" line-rate="1.0" complexity="0">
          <methods/>
          <lines>
            <line number="1" hits="1"/>
          </lines>
        </class>
        <class name="application" filename="config/application.rb" line-rate="1.0" complexity="0">
          <methods/>
          <lines>
            <line number="1" hits="1"/>
            <line number="3" hits="1"/>
            <line number="5" hits="1"/>
            <line number="6" hits="1"/>
            <line number="7" hits="1"/>
            <line number="8" hits="1"/>
            <line number="9" hits="1"/>
            <line number="10" hits="1"/>
            <line number="11" hits="1"/>
            <line number="12" hits="1"/>
            <line number="13" hits="1"/>
            <line number="14" hits="1"/>
            <line number="15" hits="1"/>
            <line number="20" hits="1"/>
            <line number="22" hits="1"/>
            <line number="23" hits="1"/>
            <line number="25" hits="1"/>
            <line number="36" hits="1"/>
          </lines>
        </class>
        <class name="boot" filename="config/boot.rb" line-rate="1.0" complexity="0">
          <methods/>
          <lines>
            <line number="1" hits="1"/>
            <line number="3" hits="1"/>
            <line number="4" hits="1"/>
          </lines>
        </class>
        <class name="environment" filename="config/environment.rb" line-rate="1.0" complexity="0">
          <methods/>
          <lines>
            <line number="2" hits="1"/>
            <line number="5" hits="1"/>
          </lines>
        </class>
        <class name="test" filename="config/environments/test.rb" line-rate="1.0" complexity="0">
          <methods/>
          <lines>
            <line number="1" hits="1"/>
            <line number="8" hits="1"/>
            <line number="11" hits="1"/>
            <line number="12" hits="1"/>
            <line number="17" hits="1"/>
            <line number="20" hits="1"/>
            <line number="21" hits="1"/>
            <line number="26" hits="1"/>
            <line number="27" hits="1"/>
            <line number="28" hits="1"/>
            <line number="31" hits="1"/>
            <line number="34" hits="1"/>
            <line number="37" hits="1"/>
            <line number="39" hits="1"/>
            <line number="44" hits="1"/>
            <line number="47" hits="1"/>
            <line number="50" hits="1"/>
            <line number="53" hits="1"/>
          </lines>
        </class>
        <class name="application_controller_renderer" filename="config/initializers/application_controller_renderer.rb" line-rate="1.0" complexity="0">
          <methods/>
          <lines/>
        </class>
        <class name="assets" filename="config/initializers/assets.rb" line-rate="1.0" complexity="0">
          <methods/>
          <lines>
            <line number="4" hits="1"/>
            <line number="9" hits="1"/>
          </lines>
        </class>
        <class name="backtrace_silencers" filename="config/initializers/backtrace_silencers.rb" line-rate="1.0" complexity="0">
          <methods/>
          <lines>
            <line number="8" hits="1"/>
          </lines>
        </class>
        <class name="content_security_policy" filename="config/initializers/content_security_policy.rb" line-rate="1.0" complexity="0">
          <methods/>
          <lines/>
        </class>
        <class name="cookies_serializer" filename="config/initializers/cookies_serializer.rb" line-rate="1.0" complexity="0">
          <methods/>
          <lines>
            <line number="5" hits="1"/>
          </lines>
        </class>
        <class name="filter_parameter_logging" filename="config/initializers/filter_parameter_logging.rb" line-rate="1.0" complexity="0">
          <methods/>
          <lines>
            <line number="4" hits="1"/>
          </lines>
        </class>
        <class name="inflections" filename="config/initializers/inflections.rb" line-rate="1.0" complexity="0">
          <methods/>
          <lines/>
        </class>
        <class name="mime_types" filename="config/initializers/mime_types.rb" line-rate="1.0" complexity="0">
          <methods/>
          <lines/>
        </class>
        <class name="permissions_policy" filename="config/initializers/permissions_policy.rb" line-rate="1.0" complexity="0">
          <methods/>
          <lines/>
        </class>
        <class name="wrap_parameters" filename="config/initializers/wrap_parameters.rb" line-rate="1.0" complexity="0">
          <methods/>
          <lines>
            <line number="7" hits="1"/>
            <line number="8" hits="2"/>
          </lines>
        </class>
        <class name="routes" filename="config/routes.rb" line-rate="1.0" complexity="0">
          <methods/>
          <lines>
            <line number="1" hits="1"/>
            <line number="5" hits="1"/>
          </lines>
        </class>
        <class name="articles_helper_spec" filename="spec/helpers/articles_helper_spec.rb" line-rate="1.0" complexity="0">
          <methods/>
          <lines>
            <line number="1" hits="1"/>
          </lines>
        </class>
        <class name="rails_helper" filename="spec/rails_helper.rb" line-rate="0.92" complexity="0">
          <methods/>
          <lines>
            <line number="2" hits="1"/>
            <line number="3" hits="1"/>
            <line number="4" hits="1"/>
            <line number="6" hits="1"/>
            <line number="7" hits="1"/>
            <line number="28" hits="1"/>
            <line number="30" hits="0"/>
            <line number="32" hits="1"/>
            <line number="34" hits="1"/>
            <line number="39" hits="1"/>
            <line number="57" hits="1"/>
            <line number="60" hits="1"/>
          </lines>
        </class>
        <class name="articles_spec" filename="spec/requests/articles_spec.rb" line-rate="1.0" complexity="0">
          <methods/>
          <lines>
            <line number="1" hits="1"/>
          </lines>
        </class>
        <class name="basic_math_spec" filename="spec/tasks/basic_math_spec.rb" line-rate="1.0" complexity="0">
          <methods/>
          <lines>
            <line number="1" hits="1"/>
            <line number="3" hits="1"/>
            <line number="4" hits="1"/>
            <line number="5" hits="1"/>
            <line number="6" hits="1"/>
          </lines>
        </class>
        <class name="index.html.erb_spec" filename="spec/views/articles/index.html.erb_spec.rb" line-rate="1.0" complexity="0">
          <methods/>
          <lines>
            <line number="1" hits="1"/>
            <line number="3" hits="1"/>
            <line number="4" hits="1"/>
          </lines>
        </class>
      </classes>
    </package>
  </packages>
</coverage>